mode: set
AutomatedTestCaseGeneration/Examples/DateHelper.go:61.34,63.2 1 1
AutomatedTestCaseGeneration/Examples/DateHelper.go:67.61,70.16 3 0
AutomatedTestCaseGeneration/Examples/DateHelper.go:70.16,72.3 1 0
AutomatedTestCaseGeneration/Examples/DateHelper.go:72.8,74.3 1 0
AutomatedTestCaseGeneration/Examples/DateHelper.go:75.2,75.25 1 0
AutomatedTestCaseGeneration/Examples/DateHelper.go:79.83,81.16 2 0
AutomatedTestCaseGeneration/Examples/DateHelper.go:81.16,83.3 1 0
AutomatedTestCaseGeneration/Examples/DateHelper.go:84.2,84.40 1 0
AutomatedTestCaseGeneration/Examples/DateHelper.go:88.66,91.16 3 0
AutomatedTestCaseGeneration/Examples/DateHelper.go:91.16,93.3 1 0
AutomatedTestCaseGeneration/Examples/DateHelper.go:94.2,94.27 1 0
AutomatedTestCaseGeneration/Examples/DateHelper.go:98.68,102.2 3 0
AutomatedTestCaseGeneration/Examples/DateHelper.go:105.63,109.2 3 0
AutomatedTestCaseGeneration/Examples/DateHelper.go:112.60,116.2 3 0
AutomatedTestCaseGeneration/Examples/DateHelper.go:119.49,122.2 2 0
AutomatedTestCaseGeneration/Examples/DateHelper.go:125.41,128.2 2 0
AutomatedTestCaseGeneration/Examples/DateHelper.go:131.44,135.2 3 0
AutomatedTestCaseGeneration/Examples/DateHelper.go:138.103,140.16 2 0
AutomatedTestCaseGeneration/Examples/DateHelper.go:140.16,142.3 1 0
AutomatedTestCaseGeneration/Examples/DateHelper.go:143.2,144.16 2 0
AutomatedTestCaseGeneration/Examples/DateHelper.go:144.16,146.3 1 0
AutomatedTestCaseGeneration/Examples/DateHelper.go:147.2,147.24 1 0
AutomatedTestCaseGeneration/Examples/DateHelper.go:151.94,153.16 2 0
AutomatedTestCaseGeneration/Examples/DateHelper.go:153.16,155.3 1 0
AutomatedTestCaseGeneration/Examples/DateHelper.go:156.2,156.37 1 0
AutomatedTestCaseGeneration/Examples/DateHelper.go:160.95,162.16 2 0
AutomatedTestCaseGeneration/Examples/DateHelper.go:162.16,164.3 1 0
AutomatedTestCaseGeneration/Examples/DateHelper.go:165.2,165.32 1 0
AutomatedTestCaseGeneration/Examples/DateHelper.go:169.98,171.16 2 0
AutomatedTestCaseGeneration/Examples/DateHelper.go:171.16,173.3 1 0
AutomatedTestCaseGeneration/Examples/DateHelper.go:174.2,174.34 1 0
AutomatedTestCaseGeneration/Examples/DateHelper.go:179.67,194.33 2 0
AutomatedTestCaseGeneration/Examples/DateHelper.go:194.33,196.17 2 0
AutomatedTestCaseGeneration/Examples/DateHelper.go:196.17,198.4 1 0
AutomatedTestCaseGeneration/Examples/DateHelper.go:200.2,200.68 1 0
AutomatedTestCaseGeneration/Examples/DateHelper.go:204.75,206.16 2 0
AutomatedTestCaseGeneration/Examples/DateHelper.go:206.16,208.3 1 0
AutomatedTestCaseGeneration/Examples/DateHelper.go:209.2,209.27 1 0
AutomatedTestCaseGeneration/Examples/DateHelper.go:213.58,215.2 1 0
AutomatedTestCaseGeneration/Examples/DateHelper.go:218.84,221.2 2 0
AutomatedTestCaseGeneration/Examples/DateHelper.go:224.32,229.2 4 0
AutomatedTestCaseGeneration/Examples/DateHelper.go:232.42,235.16 3 0
AutomatedTestCaseGeneration/Examples/DateHelper.go:235.16,237.3 1 0
AutomatedTestCaseGeneration/Examples/DateHelper.go:238.2,238.15 1 0
AutomatedTestCaseGeneration/Examples/Quadratic.go:15.44,19.2 1 1
AutomatedTestCaseGeneration/Examples/Quadratic.go:23.76,27.53 2 1
AutomatedTestCaseGeneration/Examples/Quadratic.go:27.53,29.3 1 1
AutomatedTestCaseGeneration/Examples/Quadratic.go:32.2,32.22 1 1
AutomatedTestCaseGeneration/Examples/Quadratic.go:32.22,41.27 7 1
AutomatedTestCaseGeneration/Examples/Quadratic.go:41.27,43.4 1 1
AutomatedTestCaseGeneration/Examples/Quadratic.go:44.3,44.32 1 1
AutomatedTestCaseGeneration/Examples/Quadratic.go:44.32,46.4 1 1
AutomatedTestCaseGeneration/Examples/Quadratic.go:47.3,48.27 2 1
AutomatedTestCaseGeneration/Examples/Quadratic.go:48.27,50.4 1 1
AutomatedTestCaseGeneration/Examples/Quadratic.go:50.9,52.4 1 1
AutomatedTestCaseGeneration/Examples/Quadratic.go:53.3,53.32 1 1
AutomatedTestCaseGeneration/Examples/Quadratic.go:53.32,55.4 1 1
AutomatedTestCaseGeneration/Examples/Quadratic.go:56.3,57.21 2 1
AutomatedTestCaseGeneration/Examples/Quadratic.go:61.2,66.14 6 1
AutomatedTestCaseGeneration/Examples/Quadratic.go:66.14,68.3 1 1
AutomatedTestCaseGeneration/Examples/Quadratic.go:69.2,69.20 1 1
AutomatedTestCaseGeneration/Examples/Quadratic.go:73.48,74.11 1 1
AutomatedTestCaseGeneration/Examples/Quadratic.go:74.11,76.3 1 1
AutomatedTestCaseGeneration/Examples/Quadratic.go:77.2,77.11 1 1
AutomatedTestCaseGeneration/Examples/Quadratic.go:81.64,82.16 1 1
AutomatedTestCaseGeneration/Examples/Quadratic.go:82.16,84.3 1 1
AutomatedTestCaseGeneration/Examples/Quadratic.go:85.2,87.6 3 1
AutomatedTestCaseGeneration/Examples/Quadratic.go:87.6,89.52 2 1
AutomatedTestCaseGeneration/Examples/Quadratic.go:89.52,90.9 1 1
AutomatedTestCaseGeneration/Examples/Quadratic.go:92.3,92.20 1 1
AutomatedTestCaseGeneration/Examples/Quadratic.go:94.2,94.15 1 1
AutomatedTestCaseGeneration/Examples/Quadratic.go:99.63,100.32 1 1
AutomatedTestCaseGeneration/Examples/Quadratic.go:100.32,102.3 1 1
AutomatedTestCaseGeneration/Examples/Quadratic.go:103.2,103.33 1 1
